[31Mar2024 17:44:17.296] [main/INFO] [cpw.mods.modlauncher.Launcher/MODLAUNCHER]: ModLauncher running: args [--launchTarget, forgeclientuserdev, --version, 20.2.88, --assetIndex, asset-index, --assetsDir, C:\Users\Sandersen\.gradle\caches\minecraft\assets\1.20.2, --gameDir, ., --fml.neoForgeVersion, 20.2.88, --fml.fmlVersion, 1.0.16, --fml.mcVersion, 1.20.2, --fml.neoFormVersion, 20231019.002635]
[31Mar2024 17:44:17.304] [main/INFO] [cpw.mods.modlauncher.Launcher/MODLAUNCHER]: ModLauncher 10.0.9+10.0.9+main.dcd20f30 starting: java version 17.0.6 by Eclipse Adoptium; OS Windows 10 arch amd64 version 10.0
[31Mar2024 17:44:17.600] [main/INFO] [net.neoforged.fml.loading.ImmediateWindowHandler/]: Loading ImmediateWindowProvider fmlearlywindow
[31Mar2024 17:44:17.734] [main/INFO] [EARLYDISPLAY/]: Trying GL version 4.6
[31Mar2024 17:44:17.962] [main/INFO] [EARLYDISPLAY/]: Requested GL version 4.6 got version 4.6
[31Mar2024 17:44:18.066] [main/INFO] [mixin/]: SpongePowered MIXIN Subsystem Version=0.8.5 Source=union:/C:/Users/Sandersen/.gradle/caches/modules-2/files-2.1/org.spongepowered/mixin/0.8.5/9d1c0c3a304ae6697ecd477218fa61b850bf57fc/mixin-0.8.5.jar%23145!/ Service=ModLauncher Env=CLIENT
[31Mar2024 17:44:18.083] [pool-2-thread-1/INFO] [EARLYDISPLAY/]: GL info: AMD Radeon(TM) Graphics GL version 4.6.0 Core Profile Context 23.4.3.230420, ATI Technologies Inc.
[31Mar2024 17:44:18.330] [main/WARN] [net.neoforged.fml.loading.moddiscovery.ModFileParser/LOADING]: Mod file C:\Users\Sandersen\.gradle\caches\modules-2\files-2.1\net.neoforged.fancymodloader\language-minecraft\1.0.16\c1f7785ff7fc0b18aa6d2d4056dcff4fee1b32be\language-minecraft-1.0.16.jar is missing mods.toml file
[31Mar2024 17:44:18.333] [main/WARN] [net.neoforged.fml.loading.moddiscovery.ModFileParser/LOADING]: Mod file C:\Users\Sandersen\.gradle\caches\modules-2\files-2.1\net.neoforged.fancymodloader\language-java\1.0.16\2ddedcd8a488fd73e3e92a59949845e9c3a7d9f2\language-java-1.0.16.jar is missing mods.toml file
[31Mar2024 17:44:18.337] [main/WARN] [net.neoforged.fml.loading.moddiscovery.ModFileParser/LOADING]: Mod file C:\Users\Sandersen\.gradle\caches\modules-2\files-2.1\net.neoforged.fancymodloader\core\1.0.16\6bab0913ca1635a8e272ef89c17befb52115a3c2\core-1.0.16.jar is missing mods.toml file
[31Mar2024 17:44:18.340] [main/WARN] [net.neoforged.fml.loading.moddiscovery.ModFileParser/LOADING]: Mod file C:\Users\Sandersen\.gradle\caches\modules-2\files-2.1\net.neoforged.fancymodloader\language-lowcode\1.0.16\e627c78870d4286826c4b14c0137319ff03b4e0\language-lowcode-1.0.16.jar is missing mods.toml file
[31Mar2024 17:44:18.363] [main/INFO] [net.neoforged.fml.loading.moddiscovery.ModDiscoverer/SCAN]: Found mod file "language-minecraft-1.0.16.jar" of type LANGPROVIDER with provider net.neoforged.fml.loading.moddiscovery.MinecraftLocator@76f10035
[31Mar2024 17:44:18.363] [main/INFO] [net.neoforged.fml.loading.moddiscovery.ModDiscoverer/SCAN]: Found mod file "language-java-1.0.16.jar" of type LANGPROVIDER with provider net.neoforged.fml.loading.moddiscovery.MinecraftLocator@76f10035
[31Mar2024 17:44:18.363] [main/INFO] [net.neoforged.fml.loading.moddiscovery.ModDiscoverer/SCAN]: Found mod file "core-1.0.16.jar" of type LIBRARY with provider net.neoforged.fml.loading.moddiscovery.MinecraftLocator@76f10035
[31Mar2024 17:44:18.364] [main/INFO] [net.neoforged.fml.loading.moddiscovery.ModDiscoverer/SCAN]: Found mod file "language-lowcode-1.0.16.jar" of type LANGPROVIDER with provider net.neoforged.fml.loading.moddiscovery.MinecraftLocator@76f10035
[31Mar2024 17:44:18.364] [main/INFO] [net.neoforged.fml.loading.moddiscovery.ModDiscoverer/SCAN]: Found mod file "neoforge-20.2.88.jar" of type MOD with provider net.neoforged.fml.loading.moddiscovery.MinecraftLocator@76f10035
[31Mar2024 17:44:18.364] [main/INFO] [net.neoforged.fml.loading.moddiscovery.ModDiscoverer/SCAN]: Found mod file "main" of type MOD with provider net.neoforged.fml.loading.moddiscovery.MinecraftLocator@76f10035
[31Mar2024 17:44:18.364] [main/INFO] [net.neoforged.fml.loading.moddiscovery.ModDiscoverer/SCAN]: Found mod file "" of type MOD with provider net.neoforged.fml.loading.moddiscovery.MinecraftLocator@76f10035
[31Mar2024 17:44:18.456] [main/INFO] [net.neoforged.fml.loading.moddiscovery.ModDiscoverer/SCAN]: Found mod file "RoughlyEnoughItems-neoforge-13.0.685.jar" of type MOD with provider net.neoforged.fml.loading.moddiscovery.ClasspathLocator@6813a331
[31Mar2024 17:44:18.457] [main/INFO] [net.neoforged.fml.loading.moddiscovery.ModDiscoverer/SCAN]: Found mod file "cloth-config-neoforge-12.0.119-neoforge.jar" of type MOD with provider net.neoforged.fml.loading.moddiscovery.ClasspathLocator@6813a331
[31Mar2024 17:44:18.457] [main/INFO] [net.neoforged.fml.loading.moddiscovery.ModDiscoverer/SCAN]: Found mod file "architectury-neoforge-10.1.20.jar" of type MOD with provider net.neoforged.fml.loading.moddiscovery.ClasspathLocator@6813a331
[31Mar2024 17:44:18.457] [main/INFO] [net.neoforged.fml.loading.moddiscovery.ModDiscoverer/SCAN]: Found mod file "jade-324717-4979237.jar" of type MOD with provider net.neoforged.fml.loading.moddiscovery.ClasspathLocator@6813a331
[31Mar2024 17:44:18.457] [main/INFO] [net.neoforged.fml.loading.moddiscovery.ModDiscoverer/SCAN]: Found mod file "RoughlyEnoughItems-neoforge-13.0.685.jar" of type MOD with provider net.neoforged.fml.loading.moddiscovery.ClasspathLocator@6813a331
[31Mar2024 17:44:18.457] [main/INFO] [net.neoforged.fml.loading.moddiscovery.ModDiscoverer/SCAN]: Found mod file "cloth-config-neoforge-12.0.119-neoforge.jar" of type MOD with provider net.neoforged.fml.loading.moddiscovery.ClasspathLocator@6813a331
[31Mar2024 17:44:18.458] [main/INFO] [net.neoforged.fml.loading.moddiscovery.ModDiscoverer/SCAN]: Found mod file "architectury-neoforge-10.1.20.jar" of type MOD with provider net.neoforged.fml.loading.moddiscovery.ClasspathLocator@6813a331
[31Mar2024 17:44:18.458] [main/INFO] [net.neoforged.fml.loading.moddiscovery.ModDiscoverer/SCAN]: Found mod file "jade-324717-4979237.jar" of type MOD with provider net.neoforged.fml.loading.moddiscovery.ClasspathLocator@6813a331
[31Mar2024 17:44:18.465] [main/INFO] [net.neoforged.fml.loading.moddiscovery.ModDiscoverer/SCAN]: Found mod file "events-1.0.16.jar" of type GAMELIBRARY with provider net.neoforged.fml.loading.moddiscovery.BuiltinGameLibraryLocator@4bf324f9
[31Mar2024 17:44:18.659] [main/INFO] [net.neoforged.fml.loading.moddiscovery.JarInJarDependencyLocator/]: Found 1 dependencies adding them to mods collection
[31Mar2024 17:44:18.661] [main/INFO] [net.neoforged.fml.loading.moddiscovery.ModDiscoverer/SCAN]: Found mod file "mixinextras-neoforge-0.3.1.jar" of type GAMELIBRARY with provider net.neoforged.fml.loading.moddiscovery.JarInJarDependencyLocator@294bdeb4
